android/build/outputs/logs/manifest-merger-debug-report.txt
-- Merging decision tree log ---
manifest
ADDED from src/main/AndroidManifest.xml:1:1-11:12
INJECTED from src/main/AndroidManifest.xml:1:1-11:12
INJECTED from src/main/AndroidManifest.xml:1:1-11:12
	package
		ADDED from src/main/AndroidManifest.xml:1:11-45
		INJECTED from src/main/AndroidManifest.xml
		INJECTED from src/main/AndroidManifest.xml
	xmlns:android
		ADDED from src/main/AndroidManifest.xml:2:11-69
application
ADDED from src/main/AndroidManifest.xml:4:5-9:19
	android:supportsRtl
		ADDED from src/main/AndroidManifest.xml:7:9-35
	android:label
		ADDED from src/main/AndroidManifest.xml:6:9-41
	android:allowBackup
		ADDED from src/main/AndroidManifest.xml:5:9-36
uses-sdk
INJECTED from src/main/AndroidManifest.xml reason: use-sdk injection requested
INJECTED from src/main/AndroidManifest.xml
INJECTED from src/main/AndroidManifest.xml
INJECTED from src/main/AndroidManifest.xml
INJECTED from src/main/AndroidManifest.xml
	android:targetSdkVersion
		INJECTED from src/main/AndroidManifest.xml
		ADDED from src/main/AndroidManifest.xml
		INJECTED from src/main/AndroidManifest.xml
	android:minSdkVersion
		INJECTED from src/main/AndroidManifest.xml
		ADDED from src/main/AndroidManifest.xml
		INJECTED from src/main/AndroidManifest.xml